[debug] [2024-07-02T17:11:42.532Z] : 
[debug] [2024-07-02T17:11:42.534Z] : ----------------------------------------------------------------------
[debug] [2024-07-02T17:11:42.534Z] : Command:      C:\Program Files\nodejs\node.exe C:\Users\hirus\AppData\Roaming\npm\node_modules\zcatalyst-cli\lib\bin\catalyst.js init
[debug] [2024-07-02T17:11:42.534Z] : CLI Version:  1.17.5
[debug] [2024-07-02T17:11:42.535Z] : Platform:     win32
[debug] [2024-07-02T17:11:42.535Z] : Node Version: v20.10.0
[debug] [2024-07-02T17:11:42.535Z] : Time:         Tue Jul 02 2024 22:41:42 GMT+0530 (India Standard Time)
[debug] [2024-07-02T17:11:42.535Z] : ----------------------------------------------------------------------
[debug] [2024-07-02T17:11:42.536Z] : 
[debug] [2024-07-02T17:11:43.700Z] : > authorizing via signed-in user option
[debug] [2024-07-02T17:11:43.700Z] : > command requires scopes: ["ZohoCatalyst.projects.ALL","ZohoCatalyst.projects.ALL","Stratus.sdkop.CREATE","Stratus.sdkop.READ","ZohoCatalyst.project.import.CREATE"]
[debug] [2024-07-02T17:11:43.716Z] : > refreshing access token <
[debug] [2024-07-02T17:11:43.718Z] : >>>> HTTP REQUEST : POST https://accounts.zoho.in/oauth/v2/token 
<request body omitted>

[debug] [2024-07-02T17:11:44.082Z] : <<<< HTTP RESPONSE : 200
Response Headers: {"server":"ZGS","date":"Tue, 02 Jul 2024 17:11:49 GMT","content-type":"application/json;charset=UTF-8","content-length":"1913","connection":"keep-alive","set-cookie":["zalb_6e73717622=94da0c17b67b4320ada519c299270f95; Path=/","iamcsr=24f16649-eeb0-4c9d-a927-a609a365fae1;path=/;SameSite=None;Secure;priority=high","_zcsr_tmp=24f16649-eeb0-4c9d-a927-a609a365fae1;path=/;SameSite=Strict;Secure;priority=high"],"cache-control":"no-store","x-content-type-options":"nosniff","content-security-policy":"script-src 'self' 'unsafe-inline' 'unsafe-eval' https://*.zohocdn.com https://*.zoho.com https://*.zoho.eu https://*.zoho.com.cn https://*.zoho.com.au https://*.zoho.jp https://*.zoho.uk https://*.zoho.sa https://*.zohocloud.ca; report-uri https://logsapi.zoho.in/csplog?service=accounts;","pragma":"no-cache","x-frame-options":"SAMEORIGIN","vary":"accept-encoding","content-language":"en-US","strict-transport-security":"max-age=63072000"}

[debug] [2024-07-02T17:11:44.097Z] : >>>> HTTP REQUEST : GET https://api.catalyst.zoho.in/baas/v1/project/7609000000007001 

[debug] [2024-07-02T17:11:44.522Z] : <<<< HTTP RESPONSE : 200
Response Headers: {"server":"ZGS","date":"Tue, 02 Jul 2024 17:11:50 GMT","content-type":"application/vnd.catalyst.v2+json","transfer-encoding":"chunked","connection":"keep-alive","set-cookie":["zalb_3a750b85f1=99131cfabfda186b4fe68a16fb8fedd6; Path=/","ZD_CSRF_TOKEN=2e63f1ed-f8c6-4201-9697-0279be3e6f4f;path=/;SameSite=None;Secure;priority=high","_zcsr_tmp=2e63f1ed-f8c6-4201-9697-0279be3e6f4f;path=/;SameSite=Strict;Secure;priority=high"],"x-content-type-options":"nosniff","x-xss-protection":"1","cache-control":"private,no-cache,no-store,max-age=0,must-revalidate","pragma":"no-cache","expires":"Thu, 01 Jan 1970 00:00:00 GMT","x-frame-options":"DENY","strict-transport-security":"max-age=63072000"}

[debug] [2024-07-02T17:11:44.525Z] : >>>> HTTP REQUEST : GET https://api.catalyst.zoho.in/baas/v1/project/7609000000007001/environment 

[debug] [2024-07-02T17:11:44.628Z] : <<<< HTTP RESPONSE : 200
Response Headers: {"server":"ZGS","date":"Tue, 02 Jul 2024 17:11:50 GMT","content-type":"application/vnd.catalyst.v2+json","transfer-encoding":"chunked","connection":"keep-alive","set-cookie":["zalb_3a750b85f1=7c58023b2365c117e2ff9b6feb09efa2; Path=/","ZD_CSRF_TOKEN=93bed484-f624-47b6-b461-80c964f3a43e;path=/;SameSite=None;Secure;priority=high","_zcsr_tmp=93bed484-f624-47b6-b461-80c964f3a43e;path=/;SameSite=Strict;Secure;priority=high"],"x-content-type-options":"nosniff","x-xss-protection":"1","cache-control":"private,no-cache,no-store,max-age=0,must-revalidate","pragma":"no-cache","expires":"Thu, 01 Jan 1970 00:00:00 GMT","x-frame-options":"DENY","strict-transport-security":"max-age=63072000"}

[info] [2024-07-02T17:11:44.632Z] : 
      ___  
      \  \     ____           _             _                 _   
   ___ \  \   / ___|   __ _  | |_    __ _  | |  _   _   ___  | |_ 
  /  / /  /  | |      / _` | | __|  / _` | | | | | | | / __| | __|
 /  / /__/   | |___  | (_| | | |_  | (_| | | | | |_| | \__ \ | |_ 
 \  \         \____|  \__,_|  \__|  \__,_| |_|  \__, | |___/  \__|
  \__\                                          |___/       

You're about to initialize a Catalyst project in this directory:

  C:\Users\hirus\Desktop\gwa

Before we get started, keep in mind:

  * You are initializing in an existing Catalyst project directory

[info] [2024-07-02T17:11:47.831Z] : i Aborted by user.
[debug] [2024-07-02T17:11:47.832Z] : NO ERRORS REGISTERED
[debug] [2024-07-02T17:11:47.832Z] : EXEC ENDED with event: init, message: success
[debug] [2024-07-02T17:11:47.832Z] : TOTAL DURATION OF COMMAND EXEC : 4149
[debug] [2024-07-02T17:11:47.848Z] : >>>> HTTP REQUEST : POST https://api.catalyst.zoho.in/baas/v1/cli/logs 
<request body omitted>

[debug] [2024-07-02T17:11:56.408Z] : 
[debug] [2024-07-02T17:11:56.410Z] : ----------------------------------------------------------------------
[debug] [2024-07-02T17:11:56.410Z] : Command:      C:\Program Files\nodejs\node.exe C:\Users\hirus\AppData\Roaming\npm\node_modules\zcatalyst-cli\lib\bin\catalyst.js deploy
[debug] [2024-07-02T17:11:56.410Z] : CLI Version:  1.17.5
[debug] [2024-07-02T17:11:56.410Z] : Platform:     win32
[debug] [2024-07-02T17:11:56.411Z] : Node Version: v20.10.0
[debug] [2024-07-02T17:11:56.411Z] : Time:         Tue Jul 02 2024 22:41:56 GMT+0530 (India Standard Time)
[debug] [2024-07-02T17:11:56.411Z] : ----------------------------------------------------------------------
[debug] [2024-07-02T17:11:56.411Z] : 
[debug] [2024-07-02T17:11:57.084Z] : > authorizing via signed-in user option
[debug] [2024-07-02T17:11:57.085Z] : > command requires scopes: ["ZohoCatalyst.projects.ALL","ZohoCatalyst.functions.ALL","ZohoCatalyst.webapp.ALL","ZohoCatalyst.appsail.Update"]
[debug] [2024-07-02T17:11:57.098Z] : >>>> HTTP REQUEST : GET https://api.catalyst.zoho.in/baas/v1/project/7609000000007001 

[debug] [2024-07-02T17:12:02.836Z] : <<<< HTTP RESPONSE : 200
Response Headers: {"server":"ZGS","date":"Tue, 02 Jul 2024 17:12:08 GMT","content-type":"application/vnd.catalyst.v2+json","transfer-encoding":"chunked","connection":"keep-alive","set-cookie":["zalb_3a750b85f1=7c58023b2365c117e2ff9b6feb09efa2; Path=/","ZD_CSRF_TOKEN=a1718981-6b00-48cf-a198-a3271a107b38;path=/;SameSite=None;Secure;priority=high","_zcsr_tmp=a1718981-6b00-48cf-a198-a3271a107b38;path=/;SameSite=Strict;Secure;priority=high"],"x-content-type-options":"nosniff","x-xss-protection":"1","cache-control":"private,no-cache,no-store,max-age=0,must-revalidate","pragma":"no-cache","expires":"Thu, 01 Jan 1970 00:00:00 GMT","x-frame-options":"DENY","strict-transport-security":"max-age=63072000"}

[debug] [2024-07-02T17:12:02.842Z] : >>>> HTTP REQUEST : GET https://api.catalyst.zoho.in/baas/v1/project/7609000000007001/environment 

[debug] [2024-07-02T17:12:05.714Z] : <<<< HTTP RESPONSE : 200
Response Headers: {"server":"ZGS","date":"Tue, 02 Jul 2024 17:12:11 GMT","content-type":"application/vnd.catalyst.v2+json","transfer-encoding":"chunked","connection":"keep-alive","set-cookie":["zalb_3a750b85f1=99131cfabfda186b4fe68a16fb8fedd6; Path=/","ZD_CSRF_TOKEN=f3364f03-f80d-45e7-beda-c5e8ab70f476;path=/;SameSite=None;Secure;priority=high","_zcsr_tmp=f3364f03-f80d-45e7-beda-c5e8ab70f476;path=/;SameSite=Strict;Secure;priority=high"],"x-content-type-options":"nosniff","x-xss-protection":"1","cache-control":"private,no-cache,no-store,max-age=0,must-revalidate","pragma":"no-cache","expires":"Thu, 01 Jan 1970 00:00:00 GMT","x-frame-options":"DENY","strict-transport-security":"max-age=63072000"}

[debug] [2024-07-02T17:12:45.917Z] : >>>> HTTP REQUEST : PUT https://api.catalyst.zoho.in/baas/v1/project/7609000000007001/appsail/upsert 

[debug] [2024-07-02T17:53:02.757Z] : CatalystError: API Error: read ECONNRESET
    at API.<anonymous> (C:\Users\hirus\AppData\Roaming\npm\node_modules\zcatalyst-cli\lib\internal\api.js:214:32)
    at Generator.next (<anonymous>)
    at C:\Users\hirus\AppData\Roaming\npm\node_modules\zcatalyst-cli\lib\internal\api.js:31:71
    at new Promise (<anonymous>)
    at __awaiter (C:\Users\hirus\AppData\Roaming\npm\node_modules\zcatalyst-cli\lib\internal\api.js:27:12)
    at Request._callback (C:\Users\hirus\AppData\Roaming\npm\node_modules\zcatalyst-cli\lib\internal\api.js:194:67)
    at self.callback (C:\Users\hirus\AppData\Roaming\npm\node_modules\zcatalyst-cli\node_modules\request\request.js:185:22)
    at Request.emit (node:events:526:35)
    at Request.onRequestError (C:\Users\hirus\AppData\Roaming\npm\node_modules\zcatalyst-cli\node_modules\request\request.js:877:8)
    at ClientRequest.emit (node:events:514:28) {
  status: 500,
  exit: 2,
  original: Error: read ECONNRESET
      at TLSWrap.onStreamRead (node:internal/stream_base_commons:217:20) {
    errno: -4077,
    code: 'ECONNRESET',
    syscall: 'read'
  },
  context: undefined,
  errorId: undefined,
  arg: undefined,
  skipHelp: false,
  fileName: 'C:\\Users\\hirus\\AppData\\Roaming\\npm\\node_modules\\zcatalyst-cli\\lib\\internal\\api'
}
[warn] [2024-07-02T17:53:02.805Z] : ‼ Deploy of AppSail [gwa] was unsuccessful since API Error: read ECONNRESET
[info] [2024-07-02T17:53:02.827Z] : 
[error] [2024-07-02T17:53:02.850Z] : × appsail: deploy skipped
[info] [2024-07-02T17:53:02.865Z] : 
[error] [2024-07-02T17:53:02.880Z] : × No components deployed!
[error] [2024-07-02T17:53:02.941Z] : × API Error: read ECONNRESET
[debug] [2024-07-02T17:53:02.942Z] : Error Stack: CatalystError: API Error: read ECONNRESET
    at API.<anonymous> (C:\Users\hirus\AppData\Roaming\npm\node_modules\zcatalyst-cli\lib\internal\api.js:214:32)
    at Generator.next (<anonymous>)
    at C:\Users\hirus\AppData\Roaming\npm\node_modules\zcatalyst-cli\lib\internal\api.js:31:71
    at new Promise (<anonymous>)
    at __awaiter (C:\Users\hirus\AppData\Roaming\npm\node_modules\zcatalyst-cli\lib\internal\api.js:27:12)
    at Request._callback (C:\Users\hirus\AppData\Roaming\npm\node_modules\zcatalyst-cli\lib\internal\api.js:194:67)
    at self.callback (C:\Users\hirus\AppData\Roaming\npm\node_modules\zcatalyst-cli\node_modules\request\request.js:185:22)
    at Request.emit (node:events:526:35)
    at Request.onRequestError (C:\Users\hirus\AppData\Roaming\npm\node_modules\zcatalyst-cli\node_modules\request\request.js:877:8)
    at ClientRequest.emit (node:events:514:28)
[debug] [2024-07-02T17:53:02.942Z] : Original Error: Error: read ECONNRESET
    at TLSWrap.onStreamRead (node:internal/stream_base_commons:217:20)
[debug] [2024-07-02T17:53:02.949Z] : Error Status: 500
[info] [2024-07-02T17:53:02.952Z] : Kindly contact Catalyst support [support@zohocatalyst.com] if you need any further assistance
[debug] [2024-07-02T17:53:02.959Z] : EXEC ENDED with event: deploy, message: success
[debug] [2024-07-02T17:53:02.959Z] : TOTAL DURATION OF COMMAND EXEC : 2465811
[debug] [2024-07-02T17:53:03.029Z] : >>>> HTTP REQUEST : POST https://api.catalyst.zoho.in/baas/v1/cli/logs 
<request body omitted>

[warn] [2024-07-02T17:53:03.053Z] : ‼ ENOTFOUND has occured while communicating remote server. Kindly be patient while the cli retries this request.
[debug] [2024-07-02T17:53:03.054Z] : API Error while firing request : getaddrinfo ENOTFOUND api.catalyst.zoho.in

[debug] [2024-07-02T17:53:03.054Z] : >>>> RETRYING

[warn] [2024-07-02T17:53:03.065Z] : ‼ ENOTFOUND has occured while communicating remote server. Kindly be patient while the cli retries this request.
[debug] [2024-07-02T17:53:03.066Z] : API Error while firing request : getaddrinfo ENOTFOUND api.catalyst.zoho.in

[debug] [2024-07-02T17:53:03.066Z] : >>>> RETRYING

[warn] [2024-07-02T17:53:03.075Z] : ‼ ENOTFOUND has occured while communicating remote server. Kindly be patient while the cli retries this request.
[debug] [2024-07-02T17:53:03.075Z] : API Error while firing request : getaddrinfo ENOTFOUND api.catalyst.zoho.in

[debug] [2024-07-02T17:53:03.075Z] : >>>> RETRYING

[warn] [2024-07-02T17:53:03.086Z] : ‼ ENOTFOUND has occured while communicating remote server. Kindly be patient while the cli retries this request.
[debug] [2024-07-02T17:53:03.092Z] : Unable to send debug log to server: API Error after retrying : getaddrinfo ENOTFOUND api.catalyst.zoho.in
